<?xml version="1.0" encoding="UTF-8"?>
<!-- Generated by org.testng.reporters.JUnitXMLReporter -->
<testsuite hostname="A6420F1D" tests="1" failures="1" timestamp="19 Sep 2016 06:55:46 GMT" time="67.699" errors="0">
  <testcase name="verifySearch" time="67.564" classname="WebDriverTest">
    <failure type="org.openqa.selenium.WebDriverException" message="Failed to connect to binary FirefoxBinary(C:\Program Files (x86)\Mozilla Firefox\firefox.exe) on port 7055; process output follows: 
BUG	Registering manifest for C:\Program Files (x86)\Mozilla Firefox\browser\features\e10srollout@mozilla.org.xpi
1474268101139	addons.xpi	DEBUG	Loading bootstrap scope from C:\Program Files (x86)\Mozilla Firefox\browser\features\e10srollout@mozilla.org.xpi
1474268101180	addons.xpi	DEBUG	Calling bootstrap method startup on e10srollout@mozilla.org version 1.1
1474268101182	addons.xpi	DEBUG	Registering manifest for C:\Program Files (x86)\Mozilla Firefox\browser\features\firefox@getpocket.com.xpi
1474268101185	addons.xpi	DEBUG	Loading bootstrap scope from C:\Program Files (x86)\Mozilla Firefox\browser\features\firefox@getpocket.com.xpi
1474268101203	addons.xpi	DEBUG	Calling bootstrap method startup on firefox@getpocket.com version 1.0.4
1474268101226	addons.xpi-utils	DEBUG	Starting async load of XPI database C:\Users\KKODEB~1\AppData\Local\Temp\anonymous5135181309548596649webdriver-profile\extensions.json
1474268101229	addons.xpi	DEBUG	Registering manifest for C:\Program Files (x86)\Mozilla Firefox\browser\features\loop@mozilla.org.xpi
1474268101232	addons.xpi	DEBUG	Loading bootstrap scope from C:\Program Files (x86)\Mozilla Firefox\browser\features\loop@mozilla.org.xpi
1474268101254	addons.xpi	DEBUG	Calling bootstrap method startup on loop@mozilla.org version 1.4.4
1474268101314	addons.manager	DEBUG	Registering shutdown blocker for XPIProvider
1474268101315	addons.manager	DEBUG	Provider finished startup: XPIProvider
1474268101315	addons.manager	DEBUG	Starting provider: LightweightThemeManager
1474268101315	addons.manager	DEBUG	Registering shutdown blocker for LightweightThemeManager
1474268101316	addons.manager	DEBUG	Provider finished startup: LightweightThemeManager
1474268101318	addons.manager	DEBUG	Starting provider: GMPProvider
1474268101337	addons.manager	DEBUG	Registering shutdown blocker for GMPProvider
1474268101338	addons.manager	DEBUG	Provider finished startup: GMPProvider
1474268101338	addons.manager	DEBUG	Starting provider: PluginProvider
1474268101338	addons.manager	DEBUG	Registering shutdown blocker for PluginProvider
1474268101339	addons.manager	DEBUG	Provider finished startup: PluginProvider
1474268101340	addons.manager	DEBUG	Completed startup sequence
1474268101989	addons.xpi-utils	DEBUG	Async JSON file read took 0 MS
1474268101989	addons.xpi-utils	DEBUG	Finished async read of XPI database, parsing...
1474268101995	addons.xpi-utils	DEBUG	Successfully read XPI database
1474268102021	addons.manager	DEBUG	Starting provider: &amp;lt;unnamed-provider&amp;gt;
1474268102022	addons.manager	DEBUG	Registering shutdown blocker for &amp;lt;unnamed-provider&amp;gt;
1474268102023	addons.manager	DEBUG	Provider finished startup: &amp;lt;unnamed-provider&amp;gt;
*** Blocklist::_loadBlocklistFromFile: blocklist is disabled
1474268102492	addons.manager	DEBUG	Starting provider: PreviousExperimentProvider
1474268102493	addons.manager	DEBUG	Registering shutdown blocker for PreviousExperimentProvider
1474268102493	addons.manager	DEBUG	Provider finished startup: PreviousExperimentProvider
1474268117852	addons.xpi	DEBUG	Calling bootstrap method shutdown on e10srollout@mozilla.org version 1.1
1474268117853	addons.xpi	DEBUG	Calling bootstrap method shutdown on firefox@getpocket.com version 1.0.4
1474268117855	addons.xpi	DEBUG	Calling bootstrap method shutdown on loop@mozilla.org version 1.4.4
1474268128665	addons.manager	DEBUG	shutdown
1474268128665	addons.manager	DEBUG	Calling shutdown blocker for XPIProvider
1474268128666	addons.xpi	DEBUG	shutdown
1474268128666	addons.xpi-utils	DEBUG	shutdown
1474268128668	addons.manager	DEBUG	Calling shutdown blocker for LightweightThemeManager
1474268128668	addons.manager	DEBUG	Calling shutdown blocker for GMPProvider
1474268128675	addons.manager	DEBUG	Calling shutdown blocker for PluginProvider
1474268128676	addons.manager	DEBUG	Calling shutdown blocker for &amp;lt;unnamed-provider&amp;gt;
1474268128681	addons.manager	DEBUG	Calling shutdown blocker for PreviousExperimentProvider
1474268128687	addons.xpi	DEBUG	Notifying XPI shutdown observers
1474268128702	addons.manager	DEBUG	Async provider shutdown done

Build info: version: &amp;apos;2.45.0&amp;apos;, revision: &amp;apos;5017cb8e7ca8e37638dc3091b2440b90a1d8686f&amp;apos;, time: &amp;apos;2015-02-27 09:10:26&amp;apos;
System info: host: &amp;apos;A6420F1D&amp;apos;, ip: &amp;apos;172.20.104.218&amp;apos;, os.name: &amp;apos;Windows 7&amp;apos;, os.arch: &amp;apos;x86&amp;apos;, os.version: &amp;apos;6.1&amp;apos;, java.version: &amp;apos;1.7.0_45&amp;apos;
Driver info: driver.version: FirefoxDriver">
      <![CDATA[org.openqa.selenium.WebDriverException: Failed to connect to binary FirefoxBinary(C:\Program Files (x86)\Mozilla Firefox\firefox.exe) on port 7055; process output follows: 
BUG	Registering manifest for C:\Program Files (x86)\Mozilla Firefox\browser\features\e10srollout@mozilla.org.xpi
1474268101139	addons.xpi	DEBUG	Loading bootstrap scope from C:\Program Files (x86)\Mozilla Firefox\browser\features\e10srollout@mozilla.org.xpi
1474268101180	addons.xpi	DEBUG	Calling bootstrap method startup on e10srollout@mozilla.org version 1.1
1474268101182	addons.xpi	DEBUG	Registering manifest for C:\Program Files (x86)\Mozilla Firefox\browser\features\firefox@getpocket.com.xpi
1474268101185	addons.xpi	DEBUG	Loading bootstrap scope from C:\Program Files (x86)\Mozilla Firefox\browser\features\firefox@getpocket.com.xpi
1474268101203	addons.xpi	DEBUG	Calling bootstrap method startup on firefox@getpocket.com version 1.0.4
1474268101226	addons.xpi-utils	DEBUG	Starting async load of XPI database C:\Users\KKODEB~1\AppData\Local\Temp\anonymous5135181309548596649webdriver-profile\extensions.json
1474268101229	addons.xpi	DEBUG	Registering manifest for C:\Program Files (x86)\Mozilla Firefox\browser\features\loop@mozilla.org.xpi
1474268101232	addons.xpi	DEBUG	Loading bootstrap scope from C:\Program Files (x86)\Mozilla Firefox\browser\features\loop@mozilla.org.xpi
1474268101254	addons.xpi	DEBUG	Calling bootstrap method startup on loop@mozilla.org version 1.4.4
1474268101314	addons.manager	DEBUG	Registering shutdown blocker for XPIProvider
1474268101315	addons.manager	DEBUG	Provider finished startup: XPIProvider
1474268101315	addons.manager	DEBUG	Starting provider: LightweightThemeManager
1474268101315	addons.manager	DEBUG	Registering shutdown blocker for LightweightThemeManager
1474268101316	addons.manager	DEBUG	Provider finished startup: LightweightThemeManager
1474268101318	addons.manager	DEBUG	Starting provider: GMPProvider
1474268101337	addons.manager	DEBUG	Registering shutdown blocker for GMPProvider
1474268101338	addons.manager	DEBUG	Provider finished startup: GMPProvider
1474268101338	addons.manager	DEBUG	Starting provider: PluginProvider
1474268101338	addons.manager	DEBUG	Registering shutdown blocker for PluginProvider
1474268101339	addons.manager	DEBUG	Provider finished startup: PluginProvider
1474268101340	addons.manager	DEBUG	Completed startup sequence
1474268101989	addons.xpi-utils	DEBUG	Async JSON file read took 0 MS
1474268101989	addons.xpi-utils	DEBUG	Finished async read of XPI database, parsing...
1474268101995	addons.xpi-utils	DEBUG	Successfully read XPI database
1474268102021	addons.manager	DEBUG	Starting provider: <unnamed-provider>
1474268102022	addons.manager	DEBUG	Registering shutdown blocker for <unnamed-provider>
1474268102023	addons.manager	DEBUG	Provider finished startup: <unnamed-provider>
*** Blocklist::_loadBlocklistFromFile: blocklist is disabled
1474268102492	addons.manager	DEBUG	Starting provider: PreviousExperimentProvider
1474268102493	addons.manager	DEBUG	Registering shutdown blocker for PreviousExperimentProvider
1474268102493	addons.manager	DEBUG	Provider finished startup: PreviousExperimentProvider
1474268117852	addons.xpi	DEBUG	Calling bootstrap method shutdown on e10srollout@mozilla.org version 1.1
1474268117853	addons.xpi	DEBUG	Calling bootstrap method shutdown on firefox@getpocket.com version 1.0.4
1474268117855	addons.xpi	DEBUG	Calling bootstrap method shutdown on loop@mozilla.org version 1.4.4
1474268128665	addons.manager	DEBUG	shutdown
1474268128665	addons.manager	DEBUG	Calling shutdown blocker for XPIProvider
1474268128666	addons.xpi	DEBUG	shutdown
1474268128666	addons.xpi-utils	DEBUG	shutdown
1474268128668	addons.manager	DEBUG	Calling shutdown blocker for LightweightThemeManager
1474268128668	addons.manager	DEBUG	Calling shutdown blocker for GMPProvider
1474268128675	addons.manager	DEBUG	Calling shutdown blocker for PluginProvider
1474268128676	addons.manager	DEBUG	Calling shutdown blocker for <unnamed-provider>
1474268128681	addons.manager	DEBUG	Calling shutdown blocker for PreviousExperimentProvider
1474268128687	addons.xpi	DEBUG	Notifying XPI shutdown observers
1474268128702	addons.manager	DEBUG	Async provider shutdown done

Build info: version: '2.45.0', revision: '5017cb8e7ca8e37638dc3091b2440b90a1d8686f', time: '2015-02-27 09:10:26'
System info: host: 'A6420F1D', ip: '172.20.104.218', os.name: 'Windows 7', os.arch: 'x86', os.version: '6.1', java.version: '1.7.0_45'
Driver info: driver.version: FirefoxDriver
	at org.openqa.selenium.firefox.internal.NewProfileExtensionConnection.start(NewProfileExtensionConnection.java:130)
	at org.openqa.selenium.firefox.FirefoxDriver.startClient(FirefoxDriver.java:246)
	at org.openqa.selenium.remote.RemoteWebDriver.<init>(RemoteWebDriver.java:114)
	at org.openqa.selenium.firefox.FirefoxDriver.<init>(FirefoxDriver.java:191)
	at org.openqa.selenium.firefox.FirefoxDriver.<init>(FirefoxDriver.java:186)
	at org.openqa.selenium.firefox.FirefoxDriver.<init>(FirefoxDriver.java:182)
	at org.openqa.selenium.firefox.FirefoxDriver.<init>(FirefoxDriver.java:95)
	at WebDriverTest.verifySearch(WebDriverTest.java:10)
Caused by: org.openqa.selenium.firefox.NotConnectedException: Unable to connect to host 127.0.0.1 on port 7055 after 45000 ms. Firefox console output:
BUG	Registering manifest for C:\Program Files (x86)\Mozilla Firefox\browser\features\e10srollout@mozilla.org.xpi
1474268101139	addons.xpi	DEBUG	Loading bootstrap scope from C:\Program Files (x86)\Mozilla Firefox\browser\features\e10srollout@mozilla.org.xpi
1474268101180	addons.xpi	DEBUG	Calling bootstrap method startup on e10srollout@mozilla.org version 1.1
1474268101182	addons.xpi	DEBUG	Registering manifest for C:\Program Files (x86)\Mozilla Firefox\browser\features\firefox@getpocket.com.xpi
1474268101185	addons.xpi	DEBUG	Loading bootstrap scope from C:\Program Files (x86)\Mozilla Firefox\browser\features\firefox@getpocket.com.xpi
1474268101203	addons.xpi	DEBUG	Calling bootstrap method startup on firefox@getpocket.com version 1.0.4
1474268101226	addons.xpi-utils	DEBUG	Starting async load of XPI database C:\Users\KKODEB~1\AppData\Local\Temp\anonymous5135181309548596649webdriver-profile\extensions.json
1474268101229	addons.xpi	DEBUG	Registering manifest for C:\Program Files (x86)\Mozilla Firefox\browser\features\loop@mozilla.org.xpi
1474268101232	addons.xpi	DEBUG	Loading bootstrap scope from C:\Program Files (x86)\Mozilla Firefox\browser\features\loop@mozilla.org.xpi
1474268101254	addons.xpi	DEBUG	Calling bootstrap method startup on loop@mozilla.org version 1.4.4
1474268101314	addons.manager	DEBUG	Registering shutdown blocker for XPIProvider
1474268101315	addons.manager	DEBUG	Provider finished startup: XPIProvider
1474268101315	addons.manager	DEBUG	Starting provider: LightweightThemeManager
1474268101315	addons.manager	DEBUG	Registering shutdown blocker for LightweightThemeManager
1474268101316	addons.manager	DEBUG	Provider finished startup: LightweightThemeManager
1474268101318	addons.manager	DEBUG	Starting provider: GMPProvider
1474268101337	addons.manager	DEBUG	Registering shutdown blocker for GMPProvider
1474268101338	addons.manager	DEBUG	Provider finished startup: GMPProvider
1474268101338	addons.manager	DEBUG	Starting provider: PluginProvider
1474268101338	addons.manager	DEBUG	Registering shutdown blocker for PluginProvider
1474268101339	addons.manager	DEBUG	Provider finished startup: PluginProvider
1474268101340	addons.manager	DEBUG	Completed startup sequence
1474268101989	addons.xpi-utils	DEBUG	Async JSON file read took 0 MS
1474268101989	addons.xpi-utils	DEBUG	Finished async read of XPI database, parsing...
1474268101995	addons.xpi-utils	DEBUG	Successfully read XPI database
1474268102021	addons.manager	DEBUG	Starting provider: <unnamed-provider>
1474268102022	addons.manager	DEBUG	Registering shutdown blocker for <unnamed-provider>
1474268102023	addons.manager	DEBUG	Provider finished startup: <unnamed-provider>
*** Blocklist::_loadBlocklistFromFile: blocklist is disabled
1474268102492	addons.manager	DEBUG	Starting provider: PreviousExperimentProvider
1474268102493	addons.manager	DEBUG	Registering shutdown blocker for PreviousExperimentProvider
1474268102493	addons.manager	DEBUG	Provider finished startup: PreviousExperimentProvider
1474268117852	addons.xpi	DEBUG	Calling bootstrap method shutdown on e10srollout@mozilla.org version 1.1
1474268117853	addons.xpi	DEBUG	Calling bootstrap method shutdown on firefox@getpocket.com version 1.0.4
1474268117855	addons.xpi	DEBUG	Calling bootstrap method shutdown on loop@mozilla.org version 1.4.4
1474268128665	addons.manager	DEBUG	shutdown
1474268128665	addons.manager	DEBUG	Calling shutdown blocker for XPIProvider
1474268128666	addons.xpi	DEBUG	shutdown
1474268128666	addons.xpi-utils	DEBUG	shutdown
1474268128668	addons.manager	DEBUG	Calling shutdown blocker for LightweightThemeManager
1474268128668	addons.manager	DEBUG	Calling shutdown blocker for GMPProvider
1474268128675	addons.manager	DEBUG	Calling shutdown blocker for PluginProvider
1474268128676	addons.manager	DEBUG	Calling shutdown blocker for <unnamed-provider>
1474268128681	addons.manager	DEBUG	Calling shutdown blocker for PreviousExperimentProvider
1474268128687	addons.xpi	DEBUG	Notifying XPI shutdown observers
1474268128702	addons.manager	DEBUG	Async provider shutdown done

	at org.openqa.selenium.firefox.internal.NewProfileExtensionConnection.start(NewProfileExtensionConnection.java:118)
	... 34 more
... Removed 27 stack frames]]>
    </failure>
  </testcase> <!-- verifySearch -->
</testsuite>
