<?xml version="1.0" encoding="UTF-8"?>
<!-- Generated by org.testng.reporters.JUnitXMLReporter -->
<testsuite hostname="hello" name="New us" tests="1" failures="0" timestamp="18 Sep 2016 19:45:45 GMT" time="51.828" errors="0">
  <testcase name="@BeforeTest beforeTest" time="0.0" classname="test.kol.TA23">
    <failure type="org.openqa.selenium.WebDriverException" message="Failed to connect to binary FirefoxBinary(C:\Program Files (x86)\Mozilla Firefox\firefox.exe) on port 7055; process output follows: 
7900073	addons.xpi	DEBUG	getModTime: Recursive scan of {972ce4c6-7e08-4474-a285-3208198ce6fd}
1474227900074	addons.xpi	DEBUG	Existing add-on {972ce4c6-7e08-4474-a285-3208198ce6fd} in app-global
1474227900075	addons.xpi	DEBUG	Existing add-on wrc@avast.com in winreg-app-global
1474227900075	addons.xpi	DEBUG	Existing add-on sp@avast.com in winreg-app-global
1474227900075	addons.xpi	DEBUG	getInstallState changed: false, state: {&amp;quot;app-profile&amp;quot;:{&amp;quot;fxdriver@googlecode.com&amp;quot;:{&amp;quot;d&amp;quot;:&amp;quot;C:\\Users\\KODEBO~1\\AppData\\Local\\Temp\\anonymous307409690419588190webdriver-profile\\extensions\\fxdriver@googlecode.com&amp;quot;,&amp;quot;e&amp;quot;:false,&amp;quot;v&amp;quot;:&amp;quot;2.45.0&amp;quot;,&amp;quot;st&amp;quot;:1474227894605,&amp;quot;mt&amp;quot;:1474227894513}},&amp;quot;app-global&amp;quot;:{&amp;quot;{82AF8DCA-6DE9-405D-BD5E-43525BDAD38A}&amp;quot;:{&amp;quot;d&amp;quot;:&amp;quot;C:\\Program Files (x86)\\Mozilla Firefox\\browser\\extensions\\{82AF8DCA-6DE9-405D-BD5E-43525BDAD38A}.xpi&amp;quot;,&amp;quot;e&amp;quot;:true,&amp;quot;v&amp;quot;:&amp;quot;8.3.0.9150&amp;quot;,&amp;quot;st&amp;quot;:1464149260000},&amp;quot;{972ce4c6-7e08-4474-a285-3208198ce6fd}&amp;quot;:{&amp;quot;d&amp;quot;:&amp;quot;C:\\Program Files (x86)\\Mozilla Firefox\\browser\\extensions\\{972ce4c6-7e08-4474-a285-3208198ce6fd}&amp;quot;,&amp;quot;e&amp;quot;:true,&amp;quot;v&amp;quot;:&amp;quot;43.0.1&amp;quot;,&amp;quot;st&amp;quot;:1461408039482,&amp;quot;mt&amp;quot;:1461408039278}},&amp;quot;winreg-app-global&amp;quot;:{&amp;quot;wrc@avast.com&amp;quot;:{&amp;quot;d&amp;quot;:&amp;quot;C:\\Program Files\\AVAST Software\\Avast\\WebRep\\FF&amp;quot;,&amp;quot;e&amp;quot;:false,&amp;quot;v&amp;quot;:&amp;quot;12.0.88&amp;quot;,&amp;quot;st&amp;quot;:1472535760060,&amp;quot;mt&amp;quot;:1472535743684},&amp;quot;sp@avast.com&amp;quot;:{&amp;quot;d&amp;quot;:&amp;quot;C:\\Program Files\\AVAST Software\\Avast\\SafePrice\\FF&amp;quot;,&amp;quot;e&amp;quot;:false,&amp;quot;v&amp;quot;:&amp;quot;10.3.5.39&amp;quot;,&amp;quot;st&amp;quot;:1472535759951,&amp;quot;mt&amp;quot;:1472535741370}}}
1474227900077	addons.xpi	DEBUG	No changes found
1474227900084	addons.xpi	DEBUG	Registering manifest for C:\Program Files (x86)\Mozilla Firefox\browser\extensions\{82AF8DCA-6DE9-405D-BD5E-43525BDAD38A}.xpi
1474227900085	addons.xpi	DEBUG	Loading bootstrap scope from C:\Program Files (x86)\Mozilla Firefox\browser\extensions\{82AF8DCA-6DE9-405D-BD5E-43525BDAD38A}.xpi
1474227900176	addons.xpi	DEBUG	Calling bootstrap method startup on {82AF8DCA-6DE9-405D-BD5E-43525BDAD38A} version 8.3.0.9150
1474227900179	addons.manager	DEBUG	Registering shutdown blocker for XPIProvider
1474227900180	addons.manager	DEBUG	Provider finished startup: XPIProvider
1474227900180	addons.manager	DEBUG	Starting provider: LightweightThemeManager
1474227900180	addons.manager	DEBUG	Registering shutdown blocker for LightweightThemeManager
1474227900180	addons.manager	DEBUG	Provider finished startup: LightweightThemeManager
1474227900180	addons.manager	DEBUG	Starting provider: GMPProvider
1474227900186	addons.manager	DEBUG	Registering shutdown blocker for GMPProvider
1474227900186	addons.manager	DEBUG	Provider finished startup: GMPProvider
1474227900186	addons.manager	DEBUG	Starting provider: PluginProvider
1474227900186	addons.manager	DEBUG	Registering shutdown blocker for PluginProvider
1474227900187	addons.manager	DEBUG	Provider finished startup: PluginProvider
1474227900187	addons.manager	DEBUG	Completed startup sequence
1474227900274	addons.xpi-utils	DEBUG	Starting async load of XPI database C:\Users\KODEBO~1\AppData\Local\Temp\anonymous307409690419588190webdriver-profile\extensions.json
*** Blocklist::_loadBlocklistFromFile: blocklist is disabled
1474227900374	addons.manager	DEBUG	Starting provider: &amp;lt;unnamed-provider&amp;gt;
1474227900374	addons.manager	DEBUG	Registering shutdown blocker for &amp;lt;unnamed-provider&amp;gt;
1474227900375	addons.manager	DEBUG	Provider finished startup: &amp;lt;unnamed-provider&amp;gt;
1474227900598	addons.xpi-utils	DEBUG	Async JSON file read took 0 MS
1474227900598	addons.xpi-utils	DEBUG	Finished async read of XPI database, parsing...
1474227900599	addons.xpi-utils	DEBUG	Successfully read XPI database
1474227900707	addons.manager	DEBUG	Starting provider: PreviousExperimentProvider
1474227900708	addons.manager	DEBUG	Registering shutdown blocker for PreviousExperimentProvider
1474227900708	addons.manager	DEBUG	Provider finished startup: PreviousExperimentProvider
JavaScript warning: https://normandy.cdn.mozilla.net/static/bundles/selfrepair-95933d583fb5820dda30.c39446e910f3.js, line 7: mutating the [[Prototype]] of an object will cause your code to run very slowly; instead create the object with the correct initial [[Prototype]] value using Object.create

Build info: version: &amp;apos;2.45.0&amp;apos;, revision: &amp;apos;5017cb8e7ca8e37638dc3091b2440b90a1d8686f&amp;apos;, time: &amp;apos;2015-02-27 09:10:26&amp;apos;
System info: host: &amp;apos;hello&amp;apos;, ip: &amp;apos;192.168.1.5&amp;apos;, os.name: &amp;apos;Windows 8&amp;apos;, os.arch: &amp;apos;amd64&amp;apos;, os.version: &amp;apos;6.2&amp;apos;, java.version: &amp;apos;1.7.0_51&amp;apos;
Driver info: driver.version: FirefoxDriver">
      <![CDATA[org.openqa.selenium.WebDriverException: Failed to connect to binary FirefoxBinary(C:\Program Files (x86)\Mozilla Firefox\firefox.exe) on port 7055; process output follows: 
7900073	addons.xpi	DEBUG	getModTime: Recursive scan of {972ce4c6-7e08-4474-a285-3208198ce6fd}
1474227900074	addons.xpi	DEBUG	Existing add-on {972ce4c6-7e08-4474-a285-3208198ce6fd} in app-global
1474227900075	addons.xpi	DEBUG	Existing add-on wrc@avast.com in winreg-app-global
1474227900075	addons.xpi	DEBUG	Existing add-on sp@avast.com in winreg-app-global
1474227900075	addons.xpi	DEBUG	getInstallState changed: false, state: {"app-profile":{"fxdriver@googlecode.com":{"d":"C:\\Users\\KODEBO~1\\AppData\\Local\\Temp\\anonymous307409690419588190webdriver-profile\\extensions\\fxdriver@googlecode.com","e":false,"v":"2.45.0","st":1474227894605,"mt":1474227894513}},"app-global":{"{82AF8DCA-6DE9-405D-BD5E-43525BDAD38A}":{"d":"C:\\Program Files (x86)\\Mozilla Firefox\\browser\\extensions\\{82AF8DCA-6DE9-405D-BD5E-43525BDAD38A}.xpi","e":true,"v":"8.3.0.9150","st":1464149260000},"{972ce4c6-7e08-4474-a285-3208198ce6fd}":{"d":"C:\\Program Files (x86)\\Mozilla Firefox\\browser\\extensions\\{972ce4c6-7e08-4474-a285-3208198ce6fd}","e":true,"v":"43.0.1","st":1461408039482,"mt":1461408039278}},"winreg-app-global":{"wrc@avast.com":{"d":"C:\\Program Files\\AVAST Software\\Avast\\WebRep\\FF","e":false,"v":"12.0.88","st":1472535760060,"mt":1472535743684},"sp@avast.com":{"d":"C:\\Program Files\\AVAST Software\\Avast\\SafePrice\\FF","e":false,"v":"10.3.5.39","st":1472535759951,"mt":1472535741370}}}
1474227900077	addons.xpi	DEBUG	No changes found
1474227900084	addons.xpi	DEBUG	Registering manifest for C:\Program Files (x86)\Mozilla Firefox\browser\extensions\{82AF8DCA-6DE9-405D-BD5E-43525BDAD38A}.xpi
1474227900085	addons.xpi	DEBUG	Loading bootstrap scope from C:\Program Files (x86)\Mozilla Firefox\browser\extensions\{82AF8DCA-6DE9-405D-BD5E-43525BDAD38A}.xpi
1474227900176	addons.xpi	DEBUG	Calling bootstrap method startup on {82AF8DCA-6DE9-405D-BD5E-43525BDAD38A} version 8.3.0.9150
1474227900179	addons.manager	DEBUG	Registering shutdown blocker for XPIProvider
1474227900180	addons.manager	DEBUG	Provider finished startup: XPIProvider
1474227900180	addons.manager	DEBUG	Starting provider: LightweightThemeManager
1474227900180	addons.manager	DEBUG	Registering shutdown blocker for LightweightThemeManager
1474227900180	addons.manager	DEBUG	Provider finished startup: LightweightThemeManager
1474227900180	addons.manager	DEBUG	Starting provider: GMPProvider
1474227900186	addons.manager	DEBUG	Registering shutdown blocker for GMPProvider
1474227900186	addons.manager	DEBUG	Provider finished startup: GMPProvider
1474227900186	addons.manager	DEBUG	Starting provider: PluginProvider
1474227900186	addons.manager	DEBUG	Registering shutdown blocker for PluginProvider
1474227900187	addons.manager	DEBUG	Provider finished startup: PluginProvider
1474227900187	addons.manager	DEBUG	Completed startup sequence
1474227900274	addons.xpi-utils	DEBUG	Starting async load of XPI database C:\Users\KODEBO~1\AppData\Local\Temp\anonymous307409690419588190webdriver-profile\extensions.json
*** Blocklist::_loadBlocklistFromFile: blocklist is disabled
1474227900374	addons.manager	DEBUG	Starting provider: <unnamed-provider>
1474227900374	addons.manager	DEBUG	Registering shutdown blocker for <unnamed-provider>
1474227900375	addons.manager	DEBUG	Provider finished startup: <unnamed-provider>
1474227900598	addons.xpi-utils	DEBUG	Async JSON file read took 0 MS
1474227900598	addons.xpi-utils	DEBUG	Finished async read of XPI database, parsing...
1474227900599	addons.xpi-utils	DEBUG	Successfully read XPI database
1474227900707	addons.manager	DEBUG	Starting provider: PreviousExperimentProvider
1474227900708	addons.manager	DEBUG	Registering shutdown blocker for PreviousExperimentProvider
1474227900708	addons.manager	DEBUG	Provider finished startup: PreviousExperimentProvider
JavaScript warning: https://normandy.cdn.mozilla.net/static/bundles/selfrepair-95933d583fb5820dda30.c39446e910f3.js, line 7: mutating the [[Prototype]] of an object will cause your code to run very slowly; instead create the object with the correct initial [[Prototype]] value using Object.create

Build info: version: '2.45.0', revision: '5017cb8e7ca8e37638dc3091b2440b90a1d8686f', time: '2015-02-27 09:10:26'
System info: host: 'hello', ip: '192.168.1.5', os.name: 'Windows 8', os.arch: 'amd64', os.version: '6.2', java.version: '1.7.0_51'
Driver info: driver.version: FirefoxDriver
	at org.openqa.selenium.firefox.internal.NewProfileExtensionConnection.start(NewProfileExtensionConnection.java:130)
	at org.openqa.selenium.firefox.FirefoxDriver.startClient(FirefoxDriver.java:246)
	at org.openqa.selenium.remote.RemoteWebDriver.<init>(RemoteWebDriver.java:114)
	at org.openqa.selenium.firefox.FirefoxDriver.<init>(FirefoxDriver.java:191)
	at org.openqa.selenium.firefox.FirefoxDriver.<init>(FirefoxDriver.java:186)
	at org.openqa.selenium.firefox.FirefoxDriver.<init>(FirefoxDriver.java:182)
	at org.openqa.selenium.firefox.FirefoxDriver.<init>(FirefoxDriver.java:95)
	at test.kol.TA23.beforeTest(TA23.java:16)
Caused by: org.openqa.selenium.firefox.NotConnectedException: Unable to connect to host 127.0.0.1 on port 7055 after 45000 ms. Firefox console output:
7900073	addons.xpi	DEBUG	getModTime: Recursive scan of {972ce4c6-7e08-4474-a285-3208198ce6fd}
1474227900074	addons.xpi	DEBUG	Existing add-on {972ce4c6-7e08-4474-a285-3208198ce6fd} in app-global
1474227900075	addons.xpi	DEBUG	Existing add-on wrc@avast.com in winreg-app-global
1474227900075	addons.xpi	DEBUG	Existing add-on sp@avast.com in winreg-app-global
1474227900075	addons.xpi	DEBUG	getInstallState changed: false, state: {"app-profile":{"fxdriver@googlecode.com":{"d":"C:\\Users\\KODEBO~1\\AppData\\Local\\Temp\\anonymous307409690419588190webdriver-profile\\extensions\\fxdriver@googlecode.com","e":false,"v":"2.45.0","st":1474227894605,"mt":1474227894513}},"app-global":{"{82AF8DCA-6DE9-405D-BD5E-43525BDAD38A}":{"d":"C:\\Program Files (x86)\\Mozilla Firefox\\browser\\extensions\\{82AF8DCA-6DE9-405D-BD5E-43525BDAD38A}.xpi","e":true,"v":"8.3.0.9150","st":1464149260000},"{972ce4c6-7e08-4474-a285-3208198ce6fd}":{"d":"C:\\Program Files (x86)\\Mozilla Firefox\\browser\\extensions\\{972ce4c6-7e08-4474-a285-3208198ce6fd}","e":true,"v":"43.0.1","st":1461408039482,"mt":1461408039278}},"winreg-app-global":{"wrc@avast.com":{"d":"C:\\Program Files\\AVAST Software\\Avast\\WebRep\\FF","e":false,"v":"12.0.88","st":1472535760060,"mt":1472535743684},"sp@avast.com":{"d":"C:\\Program Files\\AVAST Software\\Avast\\SafePrice\\FF","e":false,"v":"10.3.5.39","st":1472535759951,"mt":1472535741370}}}
1474227900077	addons.xpi	DEBUG	No changes found
1474227900084	addons.xpi	DEBUG	Registering manifest for C:\Program Files (x86)\Mozilla Firefox\browser\extensions\{82AF8DCA-6DE9-405D-BD5E-43525BDAD38A}.xpi
1474227900085	addons.xpi	DEBUG	Loading bootstrap scope from C:\Program Files (x86)\Mozilla Firefox\browser\extensions\{82AF8DCA-6DE9-405D-BD5E-43525BDAD38A}.xpi
1474227900176	addons.xpi	DEBUG	Calling bootstrap method startup on {82AF8DCA-6DE9-405D-BD5E-43525BDAD38A} version 8.3.0.9150
1474227900179	addons.manager	DEBUG	Registering shutdown blocker for XPIProvider
1474227900180	addons.manager	DEBUG	Provider finished startup: XPIProvider
1474227900180	addons.manager	DEBUG	Starting provider: LightweightThemeManager
1474227900180	addons.manager	DEBUG	Registering shutdown blocker for LightweightThemeManager
1474227900180	addons.manager	DEBUG	Provider finished startup: LightweightThemeManager
1474227900180	addons.manager	DEBUG	Starting provider: GMPProvider
1474227900186	addons.manager	DEBUG	Registering shutdown blocker for GMPProvider
1474227900186	addons.manager	DEBUG	Provider finished startup: GMPProvider
1474227900186	addons.manager	DEBUG	Starting provider: PluginProvider
1474227900186	addons.manager	DEBUG	Registering shutdown blocker for PluginProvider
1474227900187	addons.manager	DEBUG	Provider finished startup: PluginProvider
1474227900187	addons.manager	DEBUG	Completed startup sequence
1474227900274	addons.xpi-utils	DEBUG	Starting async load of XPI database C:\Users\KODEBO~1\AppData\Local\Temp\anonymous307409690419588190webdriver-profile\extensions.json
*** Blocklist::_loadBlocklistFromFile: blocklist is disabled
1474227900374	addons.manager	DEBUG	Starting provider: <unnamed-provider>
1474227900374	addons.manager	DEBUG	Registering shutdown blocker for <unnamed-provider>
1474227900375	addons.manager	DEBUG	Provider finished startup: <unnamed-provider>
1474227900598	addons.xpi-utils	DEBUG	Async JSON file read took 0 MS
1474227900598	addons.xpi-utils	DEBUG	Finished async read of XPI database, parsing...
1474227900599	addons.xpi-utils	DEBUG	Successfully read XPI database
1474227900707	addons.manager	DEBUG	Starting provider: PreviousExperimentProvider
1474227900708	addons.manager	DEBUG	Registering shutdown blocker for PreviousExperimentProvider
1474227900708	addons.manager	DEBUG	Provider finished startup: PreviousExperimentProvider
JavaScript warning: https://normandy.cdn.mozilla.net/static/bundles/selfrepair-95933d583fb5820dda30.c39446e910f3.js, line 7: mutating the [[Prototype]] of an object will cause your code to run very slowly; instead create the object with the correct initial [[Prototype]] value using Object.create

	at org.openqa.selenium.firefox.internal.NewProfileExtensionConnection.start(NewProfileExtensionConnection.java:118)
	... 32 more
... Removed 25 stack frames]]>
    </failure>
  </testcase> <!-- @BeforeTest beforeTest -->
  <testcase name="test" time="0.0" classname="test.kol.TA23">
    <skipped/>
  </testcase> <!-- test -->
</testsuite> <!-- New us -->
