<?xml version="1.0" encoding="UTF-8"?>
<testng-results skipped="1" failed="0" total="1" passed="0">
  <reporter-output>
  </reporter-output>
  <suite name="Regression" duration-ms="51828" started-at="2016-09-18T19:44:53Z" finished-at="2016-09-18T19:45:45Z">
    <groups>
    </groups>
    <test name="New us" duration-ms="51828" started-at="2016-09-18T19:44:53Z" finished-at="2016-09-18T19:45:45Z">
      <class name="test.kol.TA23">
        <test-method status="FAIL" signature="beforeTest()[pri:0, instance:test.kol.TA23@2910d926]" name="beforeTest" is-config="true" duration-ms="0" started-at="2016-09-19T01:14:53Z" finished-at="2016-09-19T01:14:53Z">
          <exception class="org.openqa.selenium.WebDriverException">
            <message>
              <![CDATA[Failed to connect to binary FirefoxBinary(C:\Program Files (x86)\Mozilla Firefox\firefox.exe) on port 7055; process output follows: 
7900073	addons.xpi	DEBUG	getModTime: Recursive scan of {972ce4c6-7e08-4474-a285-3208198ce6fd}
1474227900074	addons.xpi	DEBUG	Existing add-on {972ce4c6-7e08-4474-a285-3208198ce6fd} in app-global
1474227900075	addons.xpi	DEBUG	Existing add-on wrc@avast.com in winreg-app-global
1474227900075	addons.xpi	DEBUG	Existing add-on sp@avast.com in winreg-app-global
1474227900075	addons.xpi	DEBUG	getInstallState changed: false, state: {"app-profile":{"fxdriver@googlecode.com":{"d":"C:\\Users\\KODEBO~1\\AppData\\Local\\Temp\\anonymous307409690419588190webdriver-profile\\extensions\\fxdriver@googlecode.com","e":false,"v":"2.45.0","st":1474227894605,"mt":1474227894513}},"app-global":{"{82AF8DCA-6DE9-405D-BD5E-43525BDAD38A}":{"d":"C:\\Program Files (x86)\\Mozilla Firefox\\browser\\extensions\\{82AF8DCA-6DE9-405D-BD5E-43525BDAD38A}.xpi","e":true,"v":"8.3.0.9150","st":1464149260000},"{972ce4c6-7e08-4474-a285-3208198ce6fd}":{"d":"C:\\Program Files (x86)\\Mozilla Firefox\\browser\\extensions\\{972ce4c6-7e08-4474-a285-3208198ce6fd}","e":true,"v":"43.0.1","st":1461408039482,"mt":1461408039278}},"winreg-app-global":{"wrc@avast.com":{"d":"C:\\Program Files\\AVAST Software\\Avast\\WebRep\\FF","e":false,"v":"12.0.88","st":1472535760060,"mt":1472535743684},"sp@avast.com":{"d":"C:\\Program Files\\AVAST Software\\Avast\\SafePrice\\FF","e":false,"v":"10.3.5.39","st":1472535759951,"mt":1472535741370}}}
1474227900077	addons.xpi	DEBUG	No changes found
1474227900084	addons.xpi	DEBUG	Registering manifest for C:\Program Files (x86)\Mozilla Firefox\browser\extensions\{82AF8DCA-6DE9-405D-BD5E-43525BDAD38A}.xpi
1474227900085	addons.xpi	DEBUG	Loading bootstrap scope from C:\Program Files (x86)\Mozilla Firefox\browser\extensions\{82AF8DCA-6DE9-405D-BD5E-43525BDAD38A}.xpi
1474227900176	addons.xpi	DEBUG	Calling bootstrap method startup on {82AF8DCA-6DE9-405D-BD5E-43525BDAD38A} version 8.3.0.9150
1474227900179	addons.manager	DEBUG	Registering shutdown blocker for XPIProvider
1474227900180	addons.manager	DEBUG	Provider finished startup: XPIProvider
1474227900180	addons.manager	DEBUG	Starting provider: LightweightThemeManager
1474227900180	addons.manager	DEBUG	Registering shutdown blocker for LightweightThemeManager
1474227900180	addons.manager	DEBUG	Provider finished startup: LightweightThemeManager
1474227900180	addons.manager	DEBUG	Starting provider: GMPProvider
1474227900186	addons.manager	DEBUG	Registering shutdown blocker for GMPProvider
1474227900186	addons.manager	DEBUG	Provider finished startup: GMPProvider
1474227900186	addons.manager	DEBUG	Starting provider: PluginProvider
1474227900186	addons.manager	DEBUG	Registering shutdown blocker for PluginProvider
1474227900187	addons.manager	DEBUG	Provider finished startup: PluginProvider
1474227900187	addons.manager	DEBUG	Completed startup sequence
1474227900274	addons.xpi-utils	DEBUG	Starting async load of XPI database C:\Users\KODEBO~1\AppData\Local\Temp\anonymous307409690419588190webdriver-profile\extensions.json
*** Blocklist::_loadBlocklistFromFile: blocklist is disabled
1474227900374	addons.manager	DEBUG	Starting provider: <unnamed-provider>
1474227900374	addons.manager	DEBUG	Registering shutdown blocker for <unnamed-provider>
1474227900375	addons.manager	DEBUG	Provider finished startup: <unnamed-provider>
1474227900598	addons.xpi-utils	DEBUG	Async JSON file read took 0 MS
1474227900598	addons.xpi-utils	DEBUG	Finished async read of XPI database, parsing...
1474227900599	addons.xpi-utils	DEBUG	Successfully read XPI database
1474227900707	addons.manager	DEBUG	Starting provider: PreviousExperimentProvider
1474227900708	addons.manager	DEBUG	Registering shutdown blocker for PreviousExperimentProvider
1474227900708	addons.manager	DEBUG	Provider finished startup: PreviousExperimentProvider
JavaScript warning: https://normandy.cdn.mozilla.net/static/bundles/selfrepair-95933d583fb5820dda30.c39446e910f3.js, line 7: mutating the [[Prototype]] of an object will cause your code to run very slowly; instead create the object with the correct initial [[Prototype]] value using Object.create

Build info: version: '2.45.0', revision: '5017cb8e7ca8e37638dc3091b2440b90a1d8686f', time: '2015-02-27 09:10:26'
System info: host: 'hello', ip: '192.168.1.5', os.name: 'Windows 8', os.arch: 'amd64', os.version: '6.2', java.version: '1.7.0_51'
Driver info: driver.version: FirefoxDriver]]>
            </message>
            <full-stacktrace>
              <![CDATA[org.openqa.selenium.WebDriverException: Failed to connect to binary FirefoxBinary(C:\Program Files (x86)\Mozilla Firefox\firefox.exe) on port 7055; process output follows: 
7900073	addons.xpi	DEBUG	getModTime: Recursive scan of {972ce4c6-7e08-4474-a285-3208198ce6fd}
1474227900074	addons.xpi	DEBUG	Existing add-on {972ce4c6-7e08-4474-a285-3208198ce6fd} in app-global
1474227900075	addons.xpi	DEBUG	Existing add-on wrc@avast.com in winreg-app-global
1474227900075	addons.xpi	DEBUG	Existing add-on sp@avast.com in winreg-app-global
1474227900075	addons.xpi	DEBUG	getInstallState changed: false, state: {"app-profile":{"fxdriver@googlecode.com":{"d":"C:\\Users\\KODEBO~1\\AppData\\Local\\Temp\\anonymous307409690419588190webdriver-profile\\extensions\\fxdriver@googlecode.com","e":false,"v":"2.45.0","st":1474227894605,"mt":1474227894513}},"app-global":{"{82AF8DCA-6DE9-405D-BD5E-43525BDAD38A}":{"d":"C:\\Program Files (x86)\\Mozilla Firefox\\browser\\extensions\\{82AF8DCA-6DE9-405D-BD5E-43525BDAD38A}.xpi","e":true,"v":"8.3.0.9150","st":1464149260000},"{972ce4c6-7e08-4474-a285-3208198ce6fd}":{"d":"C:\\Program Files (x86)\\Mozilla Firefox\\browser\\extensions\\{972ce4c6-7e08-4474-a285-3208198ce6fd}","e":true,"v":"43.0.1","st":1461408039482,"mt":1461408039278}},"winreg-app-global":{"wrc@avast.com":{"d":"C:\\Program Files\\AVAST Software\\Avast\\WebRep\\FF","e":false,"v":"12.0.88","st":1472535760060,"mt":1472535743684},"sp@avast.com":{"d":"C:\\Program Files\\AVAST Software\\Avast\\SafePrice\\FF","e":false,"v":"10.3.5.39","st":1472535759951,"mt":1472535741370}}}
1474227900077	addons.xpi	DEBUG	No changes found
1474227900084	addons.xpi	DEBUG	Registering manifest for C:\Program Files (x86)\Mozilla Firefox\browser\extensions\{82AF8DCA-6DE9-405D-BD5E-43525BDAD38A}.xpi
1474227900085	addons.xpi	DEBUG	Loading bootstrap scope from C:\Program Files (x86)\Mozilla Firefox\browser\extensions\{82AF8DCA-6DE9-405D-BD5E-43525BDAD38A}.xpi
1474227900176	addons.xpi	DEBUG	Calling bootstrap method startup on {82AF8DCA-6DE9-405D-BD5E-43525BDAD38A} version 8.3.0.9150
1474227900179	addons.manager	DEBUG	Registering shutdown blocker for XPIProvider
1474227900180	addons.manager	DEBUG	Provider finished startup: XPIProvider
1474227900180	addons.manager	DEBUG	Starting provider: LightweightThemeManager
1474227900180	addons.manager	DEBUG	Registering shutdown blocker for LightweightThemeManager
1474227900180	addons.manager	DEBUG	Provider finished startup: LightweightThemeManager
1474227900180	addons.manager	DEBUG	Starting provider: GMPProvider
1474227900186	addons.manager	DEBUG	Registering shutdown blocker for GMPProvider
1474227900186	addons.manager	DEBUG	Provider finished startup: GMPProvider
1474227900186	addons.manager	DEBUG	Starting provider: PluginProvider
1474227900186	addons.manager	DEBUG	Registering shutdown blocker for PluginProvider
1474227900187	addons.manager	DEBUG	Provider finished startup: PluginProvider
1474227900187	addons.manager	DEBUG	Completed startup sequence
1474227900274	addons.xpi-utils	DEBUG	Starting async load of XPI database C:\Users\KODEBO~1\AppData\Local\Temp\anonymous307409690419588190webdriver-profile\extensions.json
*** Blocklist::_loadBlocklistFromFile: blocklist is disabled
1474227900374	addons.manager	DEBUG	Starting provider: <unnamed-provider>
1474227900374	addons.manager	DEBUG	Registering shutdown blocker for <unnamed-provider>
1474227900375	addons.manager	DEBUG	Provider finished startup: <unnamed-provider>
1474227900598	addons.xpi-utils	DEBUG	Async JSON file read took 0 MS
1474227900598	addons.xpi-utils	DEBUG	Finished async read of XPI database, parsing...
1474227900599	addons.xpi-utils	DEBUG	Successfully read XPI database
1474227900707	addons.manager	DEBUG	Starting provider: PreviousExperimentProvider
1474227900708	addons.manager	DEBUG	Registering shutdown blocker for PreviousExperimentProvider
1474227900708	addons.manager	DEBUG	Provider finished startup: PreviousExperimentProvider
JavaScript warning: https://normandy.cdn.mozilla.net/static/bundles/selfrepair-95933d583fb5820dda30.c39446e910f3.js, line 7: mutating the [[Prototype]] of an object will cause your code to run very slowly; instead create the object with the correct initial [[Prototype]] value using Object.create

Build info: version: '2.45.0', revision: '5017cb8e7ca8e37638dc3091b2440b90a1d8686f', time: '2015-02-27 09:10:26'
System info: host: 'hello', ip: '192.168.1.5', os.name: 'Windows 8', os.arch: 'amd64', os.version: '6.2', java.version: '1.7.0_51'
Driver info: driver.version: FirefoxDriver
	at org.openqa.selenium.firefox.internal.NewProfileExtensionConnection.start(NewProfileExtensionConnection.java:130)
	at org.openqa.selenium.firefox.FirefoxDriver.startClient(FirefoxDriver.java:246)
	at org.openqa.selenium.remote.RemoteWebDriver.<init>(RemoteWebDriver.java:114)
	at org.openqa.selenium.firefox.FirefoxDriver.<init>(FirefoxDriver.java:191)
	at org.openqa.selenium.firefox.FirefoxDriver.<init>(FirefoxDriver.java:186)
	at org.openqa.selenium.firefox.FirefoxDriver.<init>(FirefoxDriver.java:182)
	at org.openqa.selenium.firefox.FirefoxDriver.<init>(FirefoxDriver.java:95)
	at test.kol.TA23.beforeTest(TA23.java:16)
	at sun.reflect.NativeMethodAccessorImpl.invoke0(Native Method)
	at sun.reflect.NativeMethodAccessorImpl.invoke(Unknown Source)
	at sun.reflect.DelegatingMethodAccessorImpl.invoke(Unknown Source)
	at java.lang.reflect.Method.invoke(Unknown Source)
	at org.testng.internal.MethodInvocationHelper.invokeMethod(MethodInvocationHelper.java:84)
	at org.testng.internal.Invoker.invokeConfigurationMethod(Invoker.java:564)
	at org.testng.internal.Invoker.invokeConfigurations(Invoker.java:213)
	at org.testng.internal.Invoker.invokeConfigurations(Invoker.java:138)
	at org.testng.TestRunner.beforeRun(TestRunner.java:641)
	at org.testng.TestRunner.run(TestRunner.java:609)
	at org.testng.SuiteRunner.runTest(SuiteRunner.java:348)
	at org.testng.SuiteRunner.runSequentially(SuiteRunner.java:343)
	at org.testng.SuiteRunner.privateRun(SuiteRunner.java:305)
	at org.testng.SuiteRunner.run(SuiteRunner.java:254)
	at org.testng.SuiteRunnerWorker.runSuite(SuiteRunnerWorker.java:52)
	at org.testng.SuiteRunnerWorker.run(SuiteRunnerWorker.java:86)
	at org.testng.TestNG.runSuitesSequentially(TestNG.java:1224)
	at org.testng.TestNG.runSuitesLocally(TestNG.java:1149)
	at org.testng.TestNG.run(TestNG.java:1057)
	at org.apache.maven.surefire.testng.TestNGExecutor.run(TestNGExecutor.java:295)
	at org.apache.maven.surefire.testng.TestNGXmlTestSuite.execute(TestNGXmlTestSuite.java:84)
	at org.apache.maven.surefire.testng.TestNGProvider.invoke(TestNGProvider.java:90)
	at org.apache.maven.surefire.booter.ForkedBooter.invokeProviderInSameClassLoader(ForkedBooter.java:203)
	at org.apache.maven.surefire.booter.ForkedBooter.runSuitesInProcess(ForkedBooter.java:155)
	at org.apache.maven.surefire.booter.ForkedBooter.main(ForkedBooter.java:103)
Caused by: org.openqa.selenium.firefox.NotConnectedException: Unable to connect to host 127.0.0.1 on port 7055 after 45000 ms. Firefox console output:
7900073	addons.xpi	DEBUG	getModTime: Recursive scan of {972ce4c6-7e08-4474-a285-3208198ce6fd}
1474227900074	addons.xpi	DEBUG	Existing add-on {972ce4c6-7e08-4474-a285-3208198ce6fd} in app-global
1474227900075	addons.xpi	DEBUG	Existing add-on wrc@avast.com in winreg-app-global
1474227900075	addons.xpi	DEBUG	Existing add-on sp@avast.com in winreg-app-global
1474227900075	addons.xpi	DEBUG	getInstallState changed: false, state: {"app-profile":{"fxdriver@googlecode.com":{"d":"C:\\Users\\KODEBO~1\\AppData\\Local\\Temp\\anonymous307409690419588190webdriver-profile\\extensions\\fxdriver@googlecode.com","e":false,"v":"2.45.0","st":1474227894605,"mt":1474227894513}},"app-global":{"{82AF8DCA-6DE9-405D-BD5E-43525BDAD38A}":{"d":"C:\\Program Files (x86)\\Mozilla Firefox\\browser\\extensions\\{82AF8DCA-6DE9-405D-BD5E-43525BDAD38A}.xpi","e":true,"v":"8.3.0.9150","st":1464149260000},"{972ce4c6-7e08-4474-a285-3208198ce6fd}":{"d":"C:\\Program Files (x86)\\Mozilla Firefox\\browser\\extensions\\{972ce4c6-7e08-4474-a285-3208198ce6fd}","e":true,"v":"43.0.1","st":1461408039482,"mt":1461408039278}},"winreg-app-global":{"wrc@avast.com":{"d":"C:\\Program Files\\AVAST Software\\Avast\\WebRep\\FF","e":false,"v":"12.0.88","st":1472535760060,"mt":1472535743684},"sp@avast.com":{"d":"C:\\Program Files\\AVAST Software\\Avast\\SafePrice\\FF","e":false,"v":"10.3.5.39","st":1472535759951,"mt":1472535741370}}}
1474227900077	addons.xpi	DEBUG	No changes found
1474227900084	addons.xpi	DEBUG	Registering manifest for C:\Program Files (x86)\Mozilla Firefox\browser\extensions\{82AF8DCA-6DE9-405D-BD5E-43525BDAD38A}.xpi
1474227900085	addons.xpi	DEBUG	Loading bootstrap scope from C:\Program Files (x86)\Mozilla Firefox\browser\extensions\{82AF8DCA-6DE9-405D-BD5E-43525BDAD38A}.xpi
1474227900176	addons.xpi	DEBUG	Calling bootstrap method startup on {82AF8DCA-6DE9-405D-BD5E-43525BDAD38A} version 8.3.0.9150
1474227900179	addons.manager	DEBUG	Registering shutdown blocker for XPIProvider
1474227900180	addons.manager	DEBUG	Provider finished startup: XPIProvider
1474227900180	addons.manager	DEBUG	Starting provider: LightweightThemeManager
1474227900180	addons.manager	DEBUG	Registering shutdown blocker for LightweightThemeManager
1474227900180	addons.manager	DEBUG	Provider finished startup: LightweightThemeManager
1474227900180	addons.manager	DEBUG	Starting provider: GMPProvider
1474227900186	addons.manager	DEBUG	Registering shutdown blocker for GMPProvider
1474227900186	addons.manager	DEBUG	Provider finished startup: GMPProvider
1474227900186	addons.manager	DEBUG	Starting provider: PluginProvider
1474227900186	addons.manager	DEBUG	Registering shutdown blocker for PluginProvider
1474227900187	addons.manager	DEBUG	Provider finished startup: PluginProvider
1474227900187	addons.manager	DEBUG	Completed startup sequence
1474227900274	addons.xpi-utils	DEBUG	Starting async load of XPI database C:\Users\KODEBO~1\AppData\Local\Temp\anonymous307409690419588190webdriver-profile\extensions.json
*** Blocklist::_loadBlocklistFromFile: blocklist is disabled
1474227900374	addons.manager	DEBUG	Starting provider: <unnamed-provider>
1474227900374	addons.manager	DEBUG	Registering shutdown blocker for <unnamed-provider>
1474227900375	addons.manager	DEBUG	Provider finished startup: <unnamed-provider>
1474227900598	addons.xpi-utils	DEBUG	Async JSON file read took 0 MS
1474227900598	addons.xpi-utils	DEBUG	Finished async read of XPI database, parsing...
1474227900599	addons.xpi-utils	DEBUG	Successfully read XPI database
1474227900707	addons.manager	DEBUG	Starting provider: PreviousExperimentProvider
1474227900708	addons.manager	DEBUG	Registering shutdown blocker for PreviousExperimentProvider
1474227900708	addons.manager	DEBUG	Provider finished startup: PreviousExperimentProvider
JavaScript warning: https://normandy.cdn.mozilla.net/static/bundles/selfrepair-95933d583fb5820dda30.c39446e910f3.js, line 7: mutating the [[Prototype]] of an object will cause your code to run very slowly; instead create the object with the correct initial [[Prototype]] value using Object.create

	at org.openqa.selenium.firefox.internal.NewProfileExtensionConnection.start(NewProfileExtensionConnection.java:118)
	... 32 more
]]>
            </full-stacktrace>
          </exception> <!-- org.openqa.selenium.WebDriverException -->
          <reporter-output>
          </reporter-output>
        </test-method> <!-- beforeTest -->
        <test-method status="SKIP" signature="test()[pri:0, instance:test.kol.TA23@2910d926]" name="test" duration-ms="0" started-at="2016-09-19T01:15:45Z" finished-at="2016-09-19T01:15:45Z">
          <reporter-output>
          </reporter-output>
        </test-method> <!-- test -->
      </class> <!-- test.kol.TA23 -->
    </test> <!-- New us -->
  </suite> <!-- Regression -->
</testng-results>
